<?xml version="1.0" encoding="UTF-8"?>
<testng-results ignored="0" total="1" passed="1" failed="0" skipped="0">
  <reporter-output>
    <line>
      <![CDATA[Stock-000001911        Stock-000001911]]>
    </line>
    <line>
      <![CDATA[Supplier-00000003697        Supplier-00000003697]]>
    </line>
    <line>
      <![CDATA[Customer-00000006881        Customer-00000006881]]>
    </line>
  </reporter-output>
  <suite started-at="2024-06-20T15:28:46 IST" name="Surefire suite" finished-at="2024-06-20T15:30:26 IST" duration-ms="99591">
    <groups>
    </groups>
    <test started-at="2024-06-20T15:28:46 IST" name="Surefire test" finished-at="2024-06-20T15:30:26 IST" duration-ms="99591">
      <class name="driverFactory.AppTest">
        <test-method signature="kickStrat()[pri:0, instance:driverFactory.AppTest@3b07a0d6]" started-at="2024-06-20T15:28:46 IST" name="kickStrat" finished-at="2024-06-20T15:30:26 IST" duration-ms="99502" status="PASS">
          <reporter-output>
            <line>
              <![CDATA[Stock-000001911        Stock-000001911]]>
            </line>
            <line>
              <![CDATA[Supplier-00000003697        Supplier-00000003697]]>
            </line>
            <line>
              <![CDATA[Customer-00000006881        Customer-00000006881]]>
            </line>
          </reporter-output>
        </test-method> <!-- kickStrat -->
      </class> <!-- driverFactory.AppTest -->
    </test> <!-- Surefire test -->
  </suite> <!-- Surefire suite -->
</testng-results>
